INFO:ui:追加: 12 files
INFO:ui:開始: 実行（書き出し）
INFO:ui:開始: 70 ワーカーを起動しました (dry_run=False)
INFO:ui:C:/Users/user/Desktop/test_image/i-threnodian-edc05508.jpg
original: 457 KB, compressed: 99 KB, reduced: 358 KB (78%), method: Pillow(JPEG q=85) | dst: C:\Users\user\compression\output\i-threnodian-edc05508.jpg
INFO:ui:C:/Users/user/Desktop/test_image/i-threnodian-edc05508.jpg
original: 457 KB, compressed: 98 KB, reduced: 358 KB (78%), method: unknown
INFO:ui:C:/Users/user/Desktop/test_image/mainvisual.jpg
original: 537 KB, compressed: 340 KB, reduced: 198 KB (37%), method: Pillow(JPEG q=85) | dst: C:\Users\user\compression\output\mainvisual.jpg
INFO:ui:C:/Users/user/Desktop/test_image/genshin_001.jpg
original: 1566 KB, compressed: 306 KB, reduced: 1260 KB (80%), method: Pillow(JPEG q=85) | dst: C:\Users\user\compression\output\genshin_001.jpg
INFO:ui:C:/Users/user/Desktop/test_image/mainvisual.jpg
original: 537 KB, compressed: 339 KB, reduced: 197 KB (37%), method: unknown
INFO:ui:C:/Users/user/Desktop/test_image/genshin_001.jpg
original: 1565 KB, compressed: 305 KB, reduced: 1260 KB (80%), method: unknown
INFO:ui:C:/Users/user/Desktop/test_image/G2u6fRuasAA8eum.jpg
original: 2182 KB, compressed: 1934 KB, reduced: 248 KB (11%), method: Pillow(JPEG q=85) | dst: C:\Users\user\compression\output\G2u6fRuasAA8eum.jpg
INFO:ui:C:/Users/user/Desktop/test_image/G2u6fRuasAA8eum.jpg
original: 2181 KB, compressed: 1933 KB, reduced: 248 KB (11%), method: unknown
INFO:ui:C:/Users/user/Desktop/test_image/aalto_render__wuthering_waves__by_kabasara_dj5cnxk-414w-2x.png
original: 829 KB, compressed: 189 KB, reduced: 640 KB (77%), method: pngquant | dst: C:\Users\user\compression\output\aalto_render__wuthering_waves__by_kabasara_dj5cnxk-414w-2x.png
INFO:ui:C:/Users/user/Desktop/test_image/aalto_render__wuthering_waves__by_kabasara_dj5cnxk-414w-2x.png
original: 828 KB, compressed: 188 KB, reduced: 639 KB (77%), method: unknown
INFO:ui:C:/Users/user/Desktop/test_image/h2-servant.png
original: 35 KB, compressed: 24 KB, reduced: 12 KB (33%), method: pngquant | dst: C:\Users\user\compression\output\h2-servant.png
INFO:ui:C:/Users/user/Desktop/test_image/h2-servant.png
original: 35 KB, compressed: 23 KB, reduced: 11 KB (33%), method: unknown
INFO:ui:C:/Users/user/Desktop/test_image/underlogo.png
original: 106 KB, compressed: 26 KB, reduced: 80 KB (75%), method: pngquant | dst: C:\Users\user\compression\output\underlogo.png
INFO:ui:C:/Users/user/Desktop/test_image/underlogo.png
original: 105 KB, compressed: 25 KB, reduced: 79 KB (75%), method: unknown
INFO:ui:C:/Users/user/Desktop/test_image/titlelogo.png
original: 56 KB, compressed: 50 KB, reduced: 6 KB (10%), method: pngquant | dst: C:\Users\user\compression\output\titlelogo.png
INFO:ui:C:/Users/user/Desktop/test_image/titlelogo.png
original: 55 KB, compressed: 50 KB, reduced: 5 KB (10%), method: unknown
INFO:ui:C:/Users/user/Desktop/test_image/スクリーンショット 2025-11-11 114028.png
original: 312 KB, compressed: 93 KB, reduced: 219 KB (70%), method: pngquant | dst: C:\Users\user\compression\output\スクリーンショット 2025-11-11 114028.png
INFO:ui:C:/Users/user/Desktop/test_image/スクリーンショット 2025-11-11 114028.png
original: 311 KB, compressed: 92 KB, reduced: 219 KB (70%), method: unknown
INFO:ui:C:/Users/user/Desktop/test_image/sスクリーンショット 2025-11-09 181420.png
original: 396 KB, compressed: 109 KB, reduced: 287 KB (73%), method: pngquant | dst: C:\Users\user\compression\output\sスクリーンショット 2025-11-09 181420.png
INFO:ui:C:/Users/user/Desktop/test_image/sスクリーンショット 2025-11-09 181420.png
original: 395 KB, compressed: 108 KB, reduced: 287 KB (73%), method: unknown
INFO:ui:C:/Users/user/Desktop/test_image/スクリーンショット 2025-11-09 181420.png
original: 396 KB, compressed: 109 KB, reduced: 287 KB (73%), method: pngquant | dst: C:\Users\user\compression\output\スクリーンショット 2025-11-09 181420.png
INFO:ui:C:/Users/user/Desktop/test_image/スクリーンショット 2025-11-09 181420.png
original: 395 KB, compressed: 108 KB, reduced: 287 KB (73%), method: unknown
INFO:ui:C:/Users/user/Desktop/test_image/chisa_001.png
original: 700 KB, compressed: 183 KB, reduced: 518 KB (74%), method: pngquant | dst: C:\Users\user\compression\output\chisa_001.png
INFO:ui:C:/Users/user/Desktop/test_image/chisa_001.png
original: 700 KB, compressed: 182 KB, reduced: 517 KB (74%), method: unknown
INFO:ui:出力フォルダ: C:\Users\user\compression\output
INFO:ui:全体の圧縮後合計: 3458 KB
INFO:ui:全てのタスクが完了しました
INFO:ui:追加: 4 files
INFO:ui:開始: 実行（書き出し）
INFO:ui:開始: 70 ワーカーを起動しました (dry_run=False)
INFO:ui:C:/Users/user/Desktop/test_image/genshin_001.jpg
original: 1566 KB, compressed: 306 KB, reduced: 1260 KB (80%), method: Pillow(JPEG q=85) | dst: C:\Users\user\compression\output\genshin_001.jpg
INFO:ui:C:/Users/user/Desktop/test_image/genshin_001.jpg
original: 1565 KB, compressed: 305 KB, reduced: 1260 KB (80%), method: unknown
INFO:ui:C:/Users/user/Desktop/test_image/G2u6fRuasAA8eum.jpg
original: 2182 KB, compressed: 1934 KB, reduced: 248 KB (11%), method: Pillow(JPEG q=85) | dst: C:\Users\user\compression\output\G2u6fRuasAA8eum.jpg
INFO:ui:C:/Users/user/Desktop/test_image/G2u6fRuasAA8eum.jpg
original: 2181 KB, compressed: 1933 KB, reduced: 248 KB (11%), method: unknown
INFO:ui:C:/Users/user/Desktop/test_image/aalto_render__wuthering_waves__by_kabasara_dj5cnxk-414w-2x.png
original: 829 KB, compressed: 189 KB, reduced: 640 KB (77%), method: pngquant | dst: C:\Users\user\compression\output\aalto_render__wuthering_waves__by_kabasara_dj5cnxk-414w-2x.png
INFO:ui:C:/Users/user/Desktop/test_image/aalto_render__wuthering_waves__by_kabasara_dj5cnxk-414w-2x.png
original: 828 KB, compressed: 188 KB, reduced: 639 KB (77%), method: unknown
INFO:ui:C:/Users/user/Desktop/test_image/chisa_001.png
original: 700 KB, compressed: 183 KB, reduced: 518 KB (74%), method: pngquant | dst: C:\Users\user\compression\output\chisa_001.png
INFO:ui:C:/Users/user/Desktop/test_image/chisa_001.png
original: 700 KB, compressed: 182 KB, reduced: 517 KB (74%), method: unknown
INFO:ui:出力フォルダ: C:\Users\user\compression\output
INFO:ui:全体の圧縮後合計: 2610 KB
INFO:ui:全てのタスクが完了しました
INFO:ui:追加: 4 files
INFO:ui:開始: 実行（書き出し）
INFO:ui:開始: 70 ワーカーを起動しました (dry_run=False)
INFO:ui:C:/Users/user/Desktop/test_image/genshin_001.jpg
original: 1566 KB, compressed: 306 KB, reduced: 1260 KB (80%), method: Pillow(JPEG q=85) | dst: C:\Users\user\compression\output\genshin_001.jpg
INFO:ui:C:/Users/user/Desktop/test_image/genshin_001.jpg
original: 1565 KB, compressed: 305 KB, reduced: 1260 KB (80%), method: unknown
INFO:ui:C:/Users/user/Desktop/test_image/G2u6fRuasAA8eum.jpg
original: 2182 KB, compressed: 1934 KB, reduced: 248 KB (11%), method: Pillow(JPEG q=85) | dst: C:\Users\user\compression\output\G2u6fRuasAA8eum.jpg
INFO:ui:C:/Users/user/Desktop/test_image/G2u6fRuasAA8eum.jpg
original: 2181 KB, compressed: 1933 KB, reduced: 248 KB (11%), method: unknown
INFO:ui:C:/Users/user/Desktop/test_image/chisa_001.png
original: 700 KB, compressed: 183 KB, reduced: 518 KB (74%), method: pngquant | dst: C:\Users\user\compression\output\chisa_001.png
INFO:ui:C:/Users/user/Desktop/test_image/chisa_001.png
original: 700 KB, compressed: 182 KB, reduced: 517 KB (74%), method: unknown
INFO:ui:C:/Users/user/Desktop/test_image/aalto_render__wuthering_waves__by_kabasara_dj5cnxk-414w-2x.png
original: 829 KB, compressed: 189 KB, reduced: 640 KB (77%), method: pngquant | dst: C:\Users\user\compression\output\aalto_render__wuthering_waves__by_kabasara_dj5cnxk-414w-2x.png
INFO:ui:C:/Users/user/Desktop/test_image/aalto_render__wuthering_waves__by_kabasara_dj5cnxk-414w-2x.png
original: 828 KB, compressed: 188 KB, reduced: 639 KB (77%), method: unknown
INFO:ui:出力フォルダ: C:\Users\user\compression\output
INFO:ui:全体の圧縮後合計: 2610 KB
INFO:ui:全てのタスクが完了しました
INFO:ui:追加: 3 files
INFO:ui:開始: 実行（書き出し）
INFO:ui:開始: 70 ワーカーを起動しました (dry_run=False)
INFO:ui:C:/Users/user/Desktop/test_image/underlogo.png
original: 106 KB, compressed: 26 KB, reduced: 80 KB (75%), method: pngquant | dst: C:\Users\user\compression\output\underlogo.png
INFO:ui:C:/Users/user/Desktop/test_image/underlogo.png
original: 105 KB, compressed: 25 KB, reduced: 79 KB (75%), method: unknown
INFO:ui:C:/Users/user/Desktop/test_image/スクリーンショット 2025-11-11 114028.png
original: 312 KB, compressed: 93 KB, reduced: 219 KB (70%), method: pngquant | dst: C:\Users\user\compression\output\スクリーンショット 2025-11-11 114028.png
INFO:ui:C:/Users/user/Desktop/test_image/スクリーンショット 2025-11-11 114028.png
original: 311 KB, compressed: 92 KB, reduced: 219 KB (70%), method: unknown
INFO:ui:C:/Users/user/Desktop/test_image/スクリーンショット 2025-11-09 181420.png
original: 396 KB, compressed: 109 KB, reduced: 287 KB (73%), method: pngquant | dst: C:\Users\user\compression\output\スクリーンショット 2025-11-09 181420.png
INFO:ui:C:/Users/user/Desktop/test_image/スクリーンショット 2025-11-09 181420.png
original: 395 KB, compressed: 108 KB, reduced: 287 KB (73%), method: unknown
INFO:ui:出力フォルダ: C:\Users\user\compression\output
INFO:ui:全体の圧縮後合計: 227 KB
INFO:ui:全てのタスクが完了しました
INFO:ui:追加: 7 files
INFO:ui:開始: 実行（書き出し）
INFO:ui:開始: 70 ワーカーを起動しました (dry_run=False)
INFO:ui:C:/Users/user/Desktop/test_image/i-threnodian-edc05508.jpg
original: 457 KB, compressed: 99 KB, reduced: 358 KB (78%), method: Pillow(JPEG q=85) | dst: C:\Users\user\compression\output\i-threnodian-edc05508.jpg
INFO:ui:C:/Users/user/Desktop/test_image/i-threnodian-edc05508.jpg
original: 457 KB, compressed: 98 KB, reduced: 358 KB (78%), method: unknown
INFO:ui:C:/Users/user/Desktop/test_image/mainvisual.jpg
original: 537 KB, compressed: 340 KB, reduced: 198 KB (37%), method: Pillow(JPEG q=85) | dst: C:\Users\user\compression\output\mainvisual.jpg
INFO:ui:C:/Users/user/Desktop/test_image/mainvisual.jpg
original: 537 KB, compressed: 339 KB, reduced: 197 KB (37%), method: unknown
INFO:ui:C:/Users/user/Desktop/test_image/genshin_001.jpg
original: 1566 KB, compressed: 306 KB, reduced: 1260 KB (80%), method: Pillow(JPEG q=85) | dst: C:\Users\user\compression\output\genshin_001.jpg
INFO:ui:C:/Users/user/Desktop/test_image/genshin_001.jpg
original: 1565 KB, compressed: 305 KB, reduced: 1260 KB (80%), method: unknown
INFO:ui:C:/Users/user/Desktop/test_image/h2-servant.png
original: 35 KB, compressed: 24 KB, reduced: 12 KB (33%), method: pngquant | dst: C:\Users\user\compression\output\h2-servant.png
INFO:ui:C:/Users/user/Desktop/test_image/h2-servant.png
original: 35 KB, compressed: 23 KB, reduced: 11 KB (33%), method: unknown
INFO:ui:C:/Users/user/Desktop/test_image/G2u6fRuasAA8eum.jpg
original: 2182 KB, compressed: 1934 KB, reduced: 248 KB (11%), method: Pillow(JPEG q=85) | dst: C:\Users\user\compression\output\G2u6fRuasAA8eum.jpg
INFO:ui:C:/Users/user/Desktop/test_image/G2u6fRuasAA8eum.jpg
original: 2181 KB, compressed: 1933 KB, reduced: 248 KB (11%), method: unknown
INFO:ui:C:/Users/user/Desktop/test_image/aalto_render__wuthering_waves__by_kabasara_dj5cnxk-414w-2x.png
original: 829 KB, compressed: 189 KB, reduced: 640 KB (77%), method: pngquant | dst: C:\Users\user\compression\output\aalto_render__wuthering_waves__by_kabasara_dj5cnxk-414w-2x.png
INFO:ui:C:/Users/user/Desktop/test_image/aalto_render__wuthering_waves__by_kabasara_dj5cnxk-414w-2x.png
original: 828 KB, compressed: 188 KB, reduced: 639 KB (77%), method: unknown
INFO:ui:C:/Users/user/Desktop/test_image/chisa_001.png
original: 700 KB, compressed: 183 KB, reduced: 518 KB (74%), method: pngquant | dst: C:\Users\user\compression\output\chisa_001.png
INFO:ui:C:/Users/user/Desktop/test_image/chisa_001.png
original: 700 KB, compressed: 182 KB, reduced: 517 KB (74%), method: unknown
INFO:ui:出力フォルダ: C:\Users\user\compression\output
INFO:ui:全体の圧縮後合計: 3072 KB
INFO:ui:全てのタスクが完了しました
INFO:ui:停止要求を送信しました
INFO:ui:停止: 実行中の作業がありません
